<?xml version="1.0" encoding="UTF-8"?>
<!-- Generated by org.testng.reporters.JUnitXMLReporter -->
<testsuite hostname="ITSEHBG-DN0775" name="Test" tests="7" failures="0" timestamp="9 Jun 2019 20:24:46 GMT" time="29.046" errors="0">
  <testcase name="launchSite" time="0.223" classname="com.knowit.tests.AmazonKnowitTests"/>
  <testcase name="opendepartmentPage" time="2.465" classname="com.knowit.tests.AmazonKnowitTests"/>
  <testcase name="searchProdcut" time="2.478" classname="com.knowit.tests.AmazonKnowitTests"/>
  <testcase name="selectAvgRatting" time="2.693" classname="com.knowit.tests.AmazonKnowitTests"/>
  <testcase name="printNameAndPrice" time="9.518" classname="com.knowit.tests.AmazonKnowitTests"/>
  <testcase name="printTotalNumberOfProducts" time="0.043" classname="com.knowit.tests.AmazonKnowitTests"/>
  <testcase name="printMiniPriceDetails" time="1.727" classname="com.knowit.tests.AmazonKnowitTests"/>
</testsuite> <!-- Test -->
